SF:lib/src/animated_navbar.dart
DA:14,1
DA:21,1
DA:22,3
DA:23,3
DA:24,4
DA:25,1
DA:26,1
DA:27,3
DA:28,0
DA:29,0
DA:33,3
DA:34,3
DA:35,3
DA:36,3
DA:37,1
DA:38,3
DA:40,3
DA:41,1
DA:42,3
DA:43,3
DA:44,1
DA:45,3
DA:53,1
DA:61,1
DA:69,1
DA:70,1
DA:75,1
DA:77,1
DA:78,3
DA:79,1
DA:80,1
DA:82,1
DA:84,2
DA:87,4
DA:88,6
DA:89,4
DA:90,2
DA:91,6
DA:92,1
DA:96,1
DA:98,2
DA:99,3
DA:100,3
DA:102,3
DA:105,4
DA:108,1
DA:109,2
DA:113,1
DA:114,2
DA:118,1
DA:120,1
DA:121,2
DA:123,4
DA:124,1
DA:131,1
DA:133,2
DA:134,1
DA:137,1
DA:139,1
DA:140,1
DA:143,1
DA:144,2
DA:146,2
DA:147,2
DA:151,2
DA:153,2
DA:154,1
DA:155,2
DA:157,2
DA:159,2
DA:160,1
DA:162,2
DA:168,2
DA:170,1
DA:171,2
DA:172,3
DA:174,5
DA:175,2
DA:176,2
DA:177,2
DA:178,3
DA:179,2
DA:182,2
DA:183,2
DA:185,2
DA:186,2
DA:187,2
DA:189,3
DA:194,3
DA:198,1
DA:199,2
DA:200,1
DA:202,1
DA:203,1
DA:205,2
DA:206,2
DA:207,2
DA:208,3
DA:210,1
DA:212,2
DA:213,1
DA:214,3
DA:215,2
DA:216,3
DA:217,3
DA:218,3
DA:219,3
DA:220,3
DA:221,3
DA:223,3
DA:224,3
DA:225,3
DA:226,2
DA:227,3
DA:229,1
DA:231,1
DA:232,2
DA:233,2
DA:234,3
DA:235,3
DA:236,1
DA:239,0
DA:241,0
DA:242,0
DA:243,0
DA:244,0
DA:245,0
DA:246,0
DA:249,1
DA:251,2
DA:252,1
DA:253,3
DA:254,3
DA:255,2
DA:256,3
DA:257,3
DA:258,3
DA:259,3
DA:260,3
DA:261,3
DA:262,3
DA:263,1
DA:264,3
DA:265,3
DA:266,2
DA:268,3
DA:270,3
DA:271,3
DA:272,2
DA:275,1
DA:276,1
DA:278,1
DA:279,2
DA:280,2
DA:281,3
DA:282,3
DA:283,3
DA:286,0
DA:287,0
DA:289,0
DA:290,0
DA:291,0
DA:292,0
DA:293,0
DA:294,0
DA:297,1
DA:300,2
DA:301,1
DA:302,3
DA:303,3
DA:304,2
DA:305,3
DA:306,3
DA:307,3
DA:308,2
DA:309,3
DA:310,3
DA:311,4
DA:312,3
DA:313,2
DA:315,3
DA:316,3
DA:317,3
DA:319,3
DA:320,3
DA:321,2
DA:324,1
DA:325,1
DA:327,2
DA:328,2
DA:329,3
DA:330,3
DA:331,3
DA:332,3
DA:335,0
DA:336,0
DA:338,0
DA:339,0
DA:340,0
DA:341,0
DA:342,0
DA:343,0
DA:348,0
DA:349,0
DA:350,0
DA:351,0
DA:352,0
DA:357,1
DA:358,2
DA:360,1
DA:361,3
DA:362,3
DA:363,3
DA:364,3
DA:366,5
DA:367,3
DA:368,2
DA:369,3
DA:370,1
DA:371,3
DA:372,3
DA:373,2
DA:375,3
DA:376,3
DA:377,3
DA:378,2
DA:383,1
DA:384,1
DA:385,1
DA:386,1
DA:387,0
DA:388,0
DA:390,1
DA:392,1
DA:396,1
DA:397,0
DA:398,1
DA:400,1
DA:402,1
DA:404,1
DA:406,1
DA:407,0
DA:408,0
DA:409,1
DA:410,1
DA:411,0
DA:412,1
DA:413,5
DA:414,1
DA:415,6
DA:416,5
DA:419,1
DA:424,1
DA:425,1
DA:426,1
DA:427,1
DA:428,1
DA:429,2
DA:430,4
DA:431,3
DA:432,4
DA:438,2
DA:451,1
DA:459,1
DA:468,1
DA:469,1
DA:471,1
DA:472,1
DA:474,0
DA:475,0
DA:477,1
DA:478,1
DA:480,1
DA:481,1
DA:483,0
DA:484,0
DA:488,1
DA:490,1
DA:491,3
DA:495,1
DA:497,2
DA:498,1
DA:499,3
DA:500,1
DA:501,1
DA:502,1
DA:503,3
DA:505,3
DA:506,3
DA:507,3
DA:508,3
DA:509,3
DA:510,3
DA:511,3
DA:512,3
DA:513,3
DA:514,3
DA:515,3
DA:516,3
DA:517,1
DA:518,3
DA:519,1
DA:520,2
DA:521,2
DA:522,1
DA:524,5
DA:526,1
DA:528,3
DA:530,2
DA:537,1
DA:546,3
DA:552,1
DA:562,1
DA:563,1
DA:565,1
DA:567,1
DA:570,0
DA:571,0
DA:573,1
DA:574,1
DA:576,1
DA:577,1
DA:579,0
DA:580,0
DA:585,1
DA:587,1
DA:588,2
DA:592,3
DA:593,1
DA:596,1
DA:598,2
DA:599,1
DA:603,2
DA:604,1
DA:612,1
DA:613,3
DA:614,1
DA:622,1
DA:623,3
DA:624,1
DA:631,1
DA:632,3
DA:633,1
DA:641,1
DA:642,2
DA:643,2
DA:648,1
DA:650,1
DA:651,4
DA:652,3
DA:653,1
DA:657,1
DA:658,1
DA:662,1
DA:663,3
DA:665,1
DA:666,1
DA:667,1
DA:674,1
DA:675,1
DA:676,5
DA:677,1
DA:678,5
DA:679,3
DA:680,5
DA:681,2
DA:685,1
DA:687,1
DA:688,1
DA:689,1
DA:690,1
DA:691,4
DA:692,1
DA:693,2
DA:694,1
DA:697,2
DA:702,1
DA:704,1
DA:705,1
DA:706,1
DA:707,1
DA:708,1
DA:709,1
DA:710,1
DA:711,1
DA:712,2
DA:713,1
DA:714,3
DA:715,1
DA:716,2
DA:721,2
DA:722,5
DA:723,1
DA:724,2
DA:726,1
DA:727,1
DA:728,1
DA:729,3
DA:731,1
DA:734,1
DA:736,3
DA:737,2
DA:754,1
DA:760,1
DA:762,2
DA:763,1
DA:765,1
DA:766,1
DA:767,1
DA:768,1
DA:769,2
DA:770,2
DA:771,2
DA:776,2
DA:777,1
DA:779,5
DA:790,1
DA:791,1
DA:793,1
DA:794,1
DA:795,1
DA:796,2
DA:799,1
DA:800,1
DA:802,3
DA:804,9
DA:806,3
DA:807,4
DA:808,3
DA:809,2
DA:810,5
DA:811,2
DA:812,1
DA:814,2
DA:815,3
DA:816,5
DA:818,1
DA:819,1
DA:820,1
DA:821,1
DA:826,1
DA:833,0
DA:834,0
DA:836,0
DA:837,0
DA:838,0
DA:839,0
DA:840,0
DA:841,0
DA:842,0
DA:843,0
DA:844,0
DA:845,0
DA:849,0
DA:856,1
DA:865,1
DA:875,1
DA:876,1
DA:878,1
DA:879,1
DA:881,1
DA:882,1
DA:884,0
DA:885,0
DA:887,1
DA:888,1
DA:890,1
DA:891,1
DA:895,1
DA:897,1
DA:898,2
DA:899,1
DA:900,3
DA:901,0
DA:902,2
DA:904,4
DA:905,3
DA:906,2
DA:908,4
DA:909,3
DA:912,3
DA:913,2
DA:915,1
DA:916,2
DA:917,1
DA:918,2
DA:919,3
DA:920,0
DA:922,2
DA:923,3
DA:924,3
DA:925,2
DA:926,1
DA:927,5
DA:928,1
DA:929,4
DA:930,6
DA:931,4
DA:932,1
DA:934,4
DA:935,5
DA:938,1
DA:939,4
DA:946,1
DA:956,1
DA:967,1
DA:968,1
DA:970,1
DA:971,1
DA:973,1
DA:974,1
DA:976,0
DA:977,0
DA:979,0
DA:980,0
DA:982,1
DA:983,1
DA:989,1
DA:991,3
DA:992,1
DA:995,1
DA:997,4
DA:998,0
DA:1000,1
DA:1003,1
DA:1004,1
DA:1005,4
DA:1007,2
DA:1008,0
DA:1009,3
DA:1013,1
DA:1015,3
DA:1016,1
DA:1017,2
DA:1018,1
DA:1019,3
DA:1020,0
DA:1021,2
DA:1022,1
DA:1023,3
DA:1024,3
DA:1025,2
DA:1027,4
DA:1028,3
DA:1031,3
DA:1032,2
DA:1034,1
DA:1035,2
DA:1036,2
DA:1038,1
DA:1039,2
DA:1043,3
DA:1044,0
DA:1045,1
DA:1046,1
DA:1048,0
DA:1049,1
DA:1056,1
DA:1057,1
DA:1058,5
DA:1059,1
DA:1060,1
DA:1062,1
DA:1063,3
DA:1065,3
DA:1066,0
DA:1067,0
DA:1068,0
DA:1070,1
DA:1071,2
DA:1072,4
DA:1073,1
DA:1075,1
DA:1076,2
DA:1077,1
DA:1079,4
DA:1080,0
DA:1081,2
DA:1082,3
DA:1083,3
DA:1084,1
DA:1085,4
DA:1086,1
DA:1087,2
LF:584
LH:510
end_of_record
SF:lib/src/navbar_router.dart
DA:15,1
DA:17,1
DA:21,1
DA:22,3
DA:23,5
DA:26,0
DA:27,0
DA:42,1
DA:46,1
DA:49,1
DA:53,1
DA:54,3
DA:55,3
DA:56,3
DA:59,0
DA:61,0
DA:65,1
DA:67,2
DA:68,2
DA:163,1
DA:179,3
DA:181,1
DA:183,1
DA:184,1
DA:193,1
DA:195,1
DA:196,1
DA:199,1
DA:200,4
DA:202,1
DA:203,3
DA:204,4
DA:205,3
DA:206,2
DA:207,2
DA:209,2
DA:212,1
DA:213,2
DA:216,2
DA:217,1
DA:218,3
DA:221,1
DA:222,2
DA:223,4
DA:224,3
DA:225,4
DA:226,2
DA:230,1
DA:231,4
DA:232,1
DA:234,5
DA:236,3
DA:237,1
DA:238,5
DA:241,1
DA:242,2
DA:243,2
DA:244,1
DA:247,1
DA:249,2
DA:250,1
DA:252,1
DA:253,1
DA:254,1
DA:257,1
DA:259,1
DA:260,3
DA:261,1
DA:262,3
DA:263,1
DA:264,0
DA:266,6
DA:267,4
DA:268,4
DA:269,1
DA:273,1
DA:274,2
DA:275,1
DA:278,3
DA:279,3
DA:281,3
DA:287,1
DA:288,2
DA:289,1
DA:291,1
DA:293,1
DA:295,1
DA:302,1
DA:303,1
DA:304,2
DA:305,1
DA:306,1
DA:307,2
DA:308,4
DA:311,1
DA:312,2
DA:313,4
DA:314,1
DA:315,2
DA:316,5
DA:317,2
DA:318,7
DA:319,1
DA:320,1
DA:321,6
DA:324,1
DA:329,1
DA:330,4
DA:331,2
DA:332,3
DA:334,3
DA:339,1
DA:341,1
DA:342,1
DA:343,1
DA:344,2
DA:345,3
DA:348,1
DA:349,1
DA:350,1
DA:351,1
DA:352,1
DA:353,1
DA:356,2
DA:357,2
DA:358,3
DA:359,1
DA:362,1
DA:364,2
DA:365,1
DA:366,2
DA:367,1
DA:368,1
DA:369,2
DA:370,2
DA:371,2
DA:372,1
DA:374,2
DA:375,2
DA:376,1
DA:378,2
DA:379,3
DA:381,2
DA:382,1
DA:383,1
DA:386,1
DA:387,2
DA:388,3
DA:390,1
DA:393,1
DA:401,3
DA:402,0
LF:152
LH:146
end_of_record
SF:lib/src/navbar_notifier.dart
DA:7,3
DA:9,1
DA:10,1
DA:13,1
DA:17,1
DA:21,1
DA:25,1
DA:29,3
DA:31,1
DA:37,2
DA:38,1
DA:44,1
DA:45,3
DA:46,2
DA:48,2
DA:52,1
DA:53,3
DA:54,5
DA:56,2
DA:59,1
DA:64,1
DA:70,3
DA:72,0
DA:74,1
DA:76,1
DA:77,2
DA:78,2
DA:80,2
DA:81,1
DA:82,2
DA:85,2
DA:87,1
DA:89,1
DA:91,2
DA:94,0
DA:95,0
DA:102,1
DA:106,3
DA:107,1
DA:108,1
DA:111,1
DA:112,3
DA:113,2
DA:114,2
DA:115,2
DA:129,1
DA:131,3
DA:132,1
DA:133,1
DA:139,1
DA:141,3
DA:143,1
DA:148,1
DA:150,4
DA:151,1
DA:152,3
DA:155,1
DA:156,3
DA:161,1
DA:162,2
DA:166,1
DA:167,2
DA:168,2
DA:172,1
DA:173,2
DA:174,0
DA:177,1
DA:178,2
DA:179,2
DA:180,1
DA:184,1
DA:185,1
DA:188,1
DA:189,2
DA:190,2
DA:194,1
DA:208,1
DA:209,1
DA:210,1
DA:222,1
DA:226,1
DA:230,1
DA:236,1
DA:237,2
DA:239,1
DA:244,1
DA:253,1
DA:260,1
DA:262,1
DA:265,1
DA:267,1
DA:273,1
DA:274,2
DA:275,2
DA:276,2
DA:279,2
LF:96
LH:92
end_of_record
SF:lib/src/navbar_decoration.dart
DA:5,2
DA:31,1
DA:33,1
DA:34,3
DA:35,3
DA:36,3
DA:37,5
DA:38,5
DA:39,3
DA:40,3
DA:41,3
DA:42,3
DA:43,2
DA:44,5
DA:45,5
DA:50,0
DA:52,0
DA:53,0
DA:54,0
DA:55,0
DA:56,0
DA:57,0
DA:136,1
DA:163,1
DA:188,1
DA:189,1
DA:190,1
DA:191,0
DA:192,1
DA:193,1
DA:194,1
DA:195,1
DA:196,1
DA:197,1
DA:198,1
DA:199,1
DA:200,1
DA:201,1
DA:202,1
DA:203,1
DA:204,1
DA:205,1
DA:206,1
DA:207,1
DA:209,1
DA:211,1
DA:212,0
DA:213,1
DA:216,0
DA:219,0
DA:220,0
DA:221,0
DA:222,0
DA:223,0
DA:224,0
DA:225,0
DA:226,0
DA:227,0
DA:228,0
DA:229,0
DA:230,0
DA:231,0
DA:232,0
DA:233,0
DA:234,0
DA:235,0
DA:236,0
DA:237,0
DA:238,0
DA:239,0
DA:240,0
DA:242,0
DA:244,0
DA:245,0
DA:246,0
DA:247,0
DA:248,0
DA:249,0
DA:250,0
DA:251,0
DA:252,0
DA:253,0
DA:254,0
DA:255,0
DA:256,0
DA:257,0
DA:258,0
DA:259,0
DA:260,0
DA:261,0
DA:262,0
DA:263,0
DA:267,1
DA:276,1
DA:287,1
DA:289,1
DA:290,1
DA:291,1
DA:292,1
DA:293,1
DA:294,1
DA:295,1
DA:296,1
DA:297,1
DA:302,0
DA:303,0
DA:304,0
DA:305,0
DA:306,0
DA:307,0
DA:308,0
DA:309,0
DA:310,0
DA:315,1
DA:339,1
DA:351,1
DA:353,1
DA:354,1
DA:355,1
DA:356,1
DA:357,1
DA:358,1
DA:359,1
DA:360,1
DA:361,1
DA:362,1
DA:365,0
DA:366,0
DA:367,0
DA:368,0
DA:369,0
DA:370,0
DA:371,0
DA:372,0
DA:373,0
DA:374,0
DA:375,0
DA:376,0
DA:381,1
DA:390,1
DA:404,0
DA:406,0
DA:407,0
DA:408,0
DA:409,0
DA:410,0
DA:411,0
DA:412,0
DA:413,0
DA:418,0
DA:419,0
DA:420,0
DA:421,0
DA:422,0
DA:423,0
DA:424,0
DA:425,0
DA:426,0
LF:158
LH:66
end_of_record
SF:lib/src/navigate.dart
DA:44,0
DA:53,0
DA:54,0
DA:61,0
DA:65,0
DA:66,0
DA:70,1
DA:79,1
DA:80,2
DA:87,1
DA:92,1
DA:93,1
DA:97,0
DA:98,0
DA:99,0
DA:101,0
DA:103,0
DA:105,0
DA:113,0
DA:114,0
DA:115,0
DA:119,0
DA:124,0
DA:126,0
DA:128,0
DA:130,0
DA:132,0
DA:134,0
DA:136,0
DA:138,0
DA:140,0
DA:142,0
DA:153,1
DA:155,1
DA:157,5
DA:160,1
DA:175,1
DA:180,1
DA:181,1
DA:183,1
DA:184,1
DA:185,0
DA:186,0
DA:187,0
DA:188,0
DA:193,1
DA:194,0
DA:195,0
DA:196,0
DA:197,0
DA:202,1
DA:203,0
DA:204,0
DA:205,0
DA:206,0
DA:209,0
DA:210,0
DA:211,0
DA:212,0
DA:218,1
DA:219,2
DA:221,5
DA:223,2
DA:224,1
DA:225,1
DA:226,1
DA:227,1
DA:228,1
DA:234,0
DA:238,0
DA:239,0
DA:240,0
LF:72
LH:26
end_of_record
SF:lib/src/navbar_badge.dart
DA:189,3
DA:206,0
DA:208,0
DA:209,0
DA:210,0
DA:211,0
DA:212,0
DA:213,0
DA:214,0
DA:215,0
DA:216,0
DA:217,0
DA:218,0
DA:219,0
DA:220,0
DA:222,1
DA:225,0
DA:226,0
DA:227,0
DA:228,0
DA:229,0
DA:230,0
DA:231,0
DA:232,0
DA:233,0
DA:234,0
DA:235,0
DA:236,0
DA:237,0
DA:238,0
DA:239,0
DA:242,1
DA:258,1
DA:259,1
DA:260,1
DA:261,1
DA:262,0
DA:263,1
DA:264,1
DA:265,1
DA:266,1
DA:267,1
DA:268,1
DA:269,1
DA:270,1
DA:271,1
DA:272,1
LF:47
LH:17
end_of_record
